make[1]: Entering directory '/home/zjf/share/work/C760_NF/NVT_NA51023_BSP/NA51023_BSP/ecos-kit/MakeCommon'
make[2]: Entering directory '/home/zjf/share/work/C760_NF/NVT_NA51023_BSP/NA51023_BSP/ecos-kit/Project/eCosKit'

Checking eCos - eCosKit release target ...
make[3]: Entering directory '/home/zjf/share/work/C760_NF/NVT_NA51023_BSP/NA51023_BSP/ecos-kit/Project/eCosKit'
Assembling CodeInfo.s
Compiling BinInfo.c
Compiling ecos_main.c
Compiling KerExcept.c
Compiling init_ipc.c
Compiling init_cmd.c
Compiling cmd_usage.c
Compiling cmd_misc.c
Compiling init_inet.c
Compiling nvtrtspd.c
Compiling sha.c
Compiling test_main.c
Compiling test_ecos.c
Compiling test_nvtipc.c
Compiling test_fsipc.c
Compiling test_inet.c
Compiling cmd_iperf.c
Compiling test_wifi.c
Compiling test_ping.c
make lds extern string ...
Linking ...
Creating image eCosKit_Data/Release/eCosKit.axf ...
Creating executable eCosKit_Data/Release/ecos-kit.bin ...
Encrypt binary file eCosKit_Data/Release/ecos-kit.bin ...
Reading 'eCosKit_Data/Release/ecos-kit.bin'...
File size = 1170508

==Display binary file info== Begin
Model Name: ecos-kit
VersionNumber: 10000000
ReleaseDate: 20100701
==Display binary file info== End

Total binary size after padding: 1170508

##ui32BinDataSumValue: 0xF0F14105
CheckSum: 0xBEFB

Writing 'eCosKit_Data/Release/ecos-kit.bin'...
Write size = 1170508
Save binary OK.
bfc.exe: 2018-04-5
full load version
compress eCosKit_Data/Release/ecos-kit.bin to tmp...
Input file: 1170508 bytes
Compressed data: 422920 bytes (36.1%)
Alignment on, padding to 4 bytes!
Full compress, new file size = outsize + 16bytes = 422940
Calculate and write back checksum...
Checksum = 0x23c4
make[3]: Leaving directory '/home/zjf/share/work/C760_NF/NVT_NA51023_BSP/NA51023_BSP/ecos-kit/Project/eCosKit'
make[2]: Leaving directory '/home/zjf/share/work/C760_NF/NVT_NA51023_BSP/NA51023_BSP/ecos-kit/Project/eCosKit'
make[1]: Leaving directory '/home/zjf/share/work/C760_NF/NVT_NA51023_BSP/NA51023_BSP/ecos-kit/MakeCommon'
